2/16/2021 2:35:30 PM	This log contains information about the import schema operation into project 'DatabasePRevia' on computer 'BLOPEZ' by user 'blopez'.
2/16/2021 2:35:31 PM	Import of database schema has started.
2/16/2021 2:35:37 PM	Gathering database credentials
2/16/2021 2:35:37 PM	Gathering database options
2/16/2021 2:35:37 PM	Gathering generic database scoped configuration option
2/16/2021 2:35:37 PM	Gathering users
2/16/2021 2:35:37 PM	Gathering roles
2/16/2021 2:35:37 PM	Gathering application roles
2/16/2021 2:35:37 PM	Gathering role memberships
2/16/2021 2:35:37 PM	Gathering filegroups
2/16/2021 2:35:37 PM	Gathering full-text catalogs
2/16/2021 2:35:37 PM	Gathering assemblies
2/16/2021 2:35:37 PM	Gathering certificates
2/16/2021 2:35:37 PM	Gathering asymmetric keys
2/16/2021 2:35:37 PM	Gathering symmetric keys
2/16/2021 2:35:37 PM	Gathering encrypted symmetric keys
2/16/2021 2:35:37 PM	Gathering schemas
2/16/2021 2:35:37 PM	Gathering XML schema collections
2/16/2021 2:35:37 PM	Gathering user-defined data types
2/16/2021 2:35:37 PM	Gathering user-defined types
2/16/2021 2:35:37 PM	Gathering table types
2/16/2021 2:35:37 PM	Gathering unique keys for table types
2/16/2021 2:35:37 PM	Gathering primary keys for table types
2/16/2021 2:35:37 PM	Gathering indexes for table types
2/16/2021 2:35:37 PM	Gathering check constraints for table types
2/16/2021 2:35:37 PM	Gathering default constraints for table types
2/16/2021 2:35:37 PM	Gathering partition functions
2/16/2021 2:35:37 PM	Gathering partition schemes
2/16/2021 2:35:37 PM	Gathering functions
2/16/2021 2:35:37 PM	Gathering encrypted functions
2/16/2021 2:35:37 PM	Gathering aggregates
2/16/2021 2:35:37 PM	Gathering procedures
2/16/2021 2:35:37 PM	Gathering encrypted procedures
2/16/2021 2:35:37 PM	Gathering tables
2/16/2021 2:35:37 PM	Gathering primary keys
2/16/2021 2:35:37 PM	Gathering unique constraints
2/16/2021 2:35:37 PM	Gathering foreign keys
2/16/2021 2:35:37 PM	Gathering default constraints
2/16/2021 2:35:37 PM	Gathering check constraints
2/16/2021 2:35:37 PM	Gathering views
2/16/2021 2:35:37 PM	Gathering encrypted views
2/16/2021 2:35:37 PM	Gathering indexes
2/16/2021 2:35:37 PM	Gathering statistics
2/16/2021 2:35:37 PM	Gathering full-text index stoplists
2/16/2021 2:35:37 PM	Gathering search property lists
2/16/2021 2:35:37 PM	Gathering search properties
2/16/2021 2:35:37 PM	Gathering full-text indexes
2/16/2021 2:35:37 PM	Gathering column store indexes
2/16/2021 2:35:37 PM	Gathering spatial indexes
2/16/2021 2:35:37 PM	Gathering XML indexes
2/16/2021 2:35:37 PM	Gathering Selective XML indexes
2/16/2021 2:35:37 PM	Gathering encrypted triggers
2/16/2021 2:35:37 PM	Gathering triggers
2/16/2021 2:35:37 PM	Gathering encrypted and clr ddl triggers
2/16/2021 2:35:37 PM	Gathering ddl triggers
2/16/2021 2:35:37 PM	Creating edge constraints
2/16/2021 2:35:37 PM	Gathering synonyms
2/16/2021 2:35:37 PM	Gathering defaults
2/16/2021 2:35:37 PM	Gathering data constraint uddt bindings
2/16/2021 2:35:37 PM	Gathering rules
2/16/2021 2:35:37 PM	Gathering data constraint uddt bindings
2/16/2021 2:35:37 PM	Gathering message types
2/16/2021 2:35:37 PM	Gathering queues
2/16/2021 2:35:37 PM	Gathering contracts
2/16/2021 2:35:37 PM	Gathering services
2/16/2021 2:35:37 PM	Gathering event notifications
2/16/2021 2:35:37 PM	Gathering remote service bindings
2/16/2021 2:35:37 PM	Gathering broker priorities
2/16/2021 2:35:37 PM	Gathering signatures
2/16/2021 2:35:37 PM	Gathering data compression options
2/16/2021 2:35:37 PM	Gathering sequence types
2/16/2021 2:35:37 PM	Gathering security policies
2/16/2021 2:35:37 PM	Gather column encryption keys
2/16/2021 2:35:37 PM	Gathering column master keys
2/16/2021 2:35:37 PM	Gathering external data sources
2/16/2021 2:35:37 PM	Gathering external file formats
2/16/2021 2:35:37 PM	Gathering external tables
2/16/2021 2:35:37 PM	Gathering extended properties
2/16/2021 2:35:37 PM	Gathering credentials
2/16/2021 2:35:37 PM	Gathering logins
2/16/2021 2:35:37 PM	Gathering server audits
2/16/2021 2:35:37 PM	Scanning project for duplicate elements
2/16/2021 2:35:38 PM	Finished duplicate element processing
2/16/2021 2:35:38 PM	Finished importing database.
2/16/2021 2:35:38 PM	A summary of the import was saved to the following location: C:\Users\blopez\source\repos\DatabasePRevia\DatabasePRevia\Import Schema Logs\DatabasePRevia_20210216083530.log
2/16/2021 2:35:38 PM	Click Finish to continue...
